<?xml version="1.0" encoding="UTF-8"?>
<testsuite name="iqn.falcon.QA4HealthCheckSpec" tests="13" skipped="0" failures="5" errors="0" timestamp="2015-06-22T20:27:33" hostname="mac-nsteveson.denver.iqxchange.com" time="15.425">
  <properties/>
  <testcase name="data-person health check" classname="iqn.falcon.QA4HealthCheckSpec" time="12.504">
    <failure message="java.net.UnknownHostException: data.qa4.iqn.com: unknown error" type="java.net.UnknownHostException">java.net.UnknownHostException: data.qa4.iqn.com: unknown error
	at java.net.InetAddress$2.lookupAllHostAddr(InetAddress.java:907)
	at java.net.InetAddress.getAddressesFromNameService(InetAddress.java:1302)
	at java.net.InetAddress.getAllByName0(InetAddress.java:1255)
	at java.net.InetAddress.getAllByName(InetAddress.java:1171)
	at java.net.InetAddress.getAllByName(InetAddress.java:1105)
	at org.apache.http.impl.conn.SystemDefaultDnsResolver.resolve(SystemDefaultDnsResolver.java:45)
	at org.apache.http.impl.conn.DefaultClientConnectionOperator.resolveHostname(DefaultClientConnectionOperator.java:278)
	at org.apache.http.impl.conn.DefaultClientConnectionOperator.openConnection(DefaultClientConnectionOperator.java:162)
	at org.apache.http.impl.conn.ManagedClientConnectionImpl.open(ManagedClientConnectionImpl.java:294)
	at org.apache.http.impl.client.DefaultRequestDirector.tryConnect(DefaultRequestDirector.java:640)
	at org.apache.http.impl.client.DefaultRequestDirector.execute(DefaultRequestDirector.java:479)
	at org.apache.http.impl.client.AbstractHttpClient.execute(AbstractHttpClient.java:906)
	at org.apache.http.impl.client.AbstractHttpClient.execute(AbstractHttpClient.java:1066)
	at org.apache.http.impl.client.AbstractHttpClient.execute(AbstractHttpClient.java:1044)
	at groovyx.net.http.HTTPBuilder.doRequest(HTTPBuilder.java:515)
	at groovyx.net.http.RESTClient.get(RESTClient.java:119)
	at iqn.falcon.QA4HealthCheckSpec.data-person health check(QA4HealthCheckSpec.groovy:14)
</failure>
  </testcase>
  <testcase name="data-security health check" classname="iqn.falcon.QA4HealthCheckSpec" time="0.006">
    <failure message="java.net.UnknownHostException: data.qa4.iqn.com" type="java.net.UnknownHostException">java.net.UnknownHostException: data.qa4.iqn.com
	at java.net.InetAddress.getAllByName0(InetAddress.java:1259)
	at java.net.InetAddress.getAllByName(InetAddress.java:1171)
	at java.net.InetAddress.getAllByName(InetAddress.java:1105)
	at org.apache.http.impl.conn.SystemDefaultDnsResolver.resolve(SystemDefaultDnsResolver.java:45)
	at org.apache.http.impl.conn.DefaultClientConnectionOperator.resolveHostname(DefaultClientConnectionOperator.java:278)
	at org.apache.http.impl.conn.DefaultClientConnectionOperator.openConnection(DefaultClientConnectionOperator.java:162)
	at org.apache.http.impl.conn.ManagedClientConnectionImpl.open(ManagedClientConnectionImpl.java:294)
	at org.apache.http.impl.client.DefaultRequestDirector.tryConnect(DefaultRequestDirector.java:640)
	at org.apache.http.impl.client.DefaultRequestDirector.execute(DefaultRequestDirector.java:479)
	at org.apache.http.impl.client.AbstractHttpClient.execute(AbstractHttpClient.java:906)
	at org.apache.http.impl.client.AbstractHttpClient.execute(AbstractHttpClient.java:1066)
	at org.apache.http.impl.client.AbstractHttpClient.execute(AbstractHttpClient.java:1044)
	at groovyx.net.http.HTTPBuilder.doRequest(HTTPBuilder.java:515)
	at groovyx.net.http.RESTClient.get(RESTClient.java:119)
	at iqn.falcon.QA4HealthCheckSpec.data-security health check(QA4HealthCheckSpec.groovy:31)
</failure>
  </testcase>
  <testcase name="data-notification health check" classname="iqn.falcon.QA4HealthCheckSpec" time="0.004">
    <failure message="java.net.UnknownHostException: data.qa4.iqn.com" type="java.net.UnknownHostException">java.net.UnknownHostException: data.qa4.iqn.com
	at java.net.InetAddress.getAllByName0(InetAddress.java:1259)
	at java.net.InetAddress.getAllByName(InetAddress.java:1171)
	at java.net.InetAddress.getAllByName(InetAddress.java:1105)
	at org.apache.http.impl.conn.SystemDefaultDnsResolver.resolve(SystemDefaultDnsResolver.java:45)
	at org.apache.http.impl.conn.DefaultClientConnectionOperator.resolveHostname(DefaultClientConnectionOperator.java:278)
	at org.apache.http.impl.conn.DefaultClientConnectionOperator.openConnection(DefaultClientConnectionOperator.java:162)
	at org.apache.http.impl.conn.ManagedClientConnectionImpl.open(ManagedClientConnectionImpl.java:294)
	at org.apache.http.impl.client.DefaultRequestDirector.tryConnect(DefaultRequestDirector.java:640)
	at org.apache.http.impl.client.DefaultRequestDirector.execute(DefaultRequestDirector.java:479)
	at org.apache.http.impl.client.AbstractHttpClient.execute(AbstractHttpClient.java:906)
	at org.apache.http.impl.client.AbstractHttpClient.execute(AbstractHttpClient.java:1066)
	at org.apache.http.impl.client.AbstractHttpClient.execute(AbstractHttpClient.java:1044)
	at groovyx.net.http.HTTPBuilder.doRequest(HTTPBuilder.java:515)
	at groovyx.net.http.RESTClient.get(RESTClient.java:119)
	at iqn.falcon.QA4HealthCheckSpec.data-notification health check(QA4HealthCheckSpec.groovy:48)
</failure>
  </testcase>
  <testcase name="data-location health check" classname="iqn.falcon.QA4HealthCheckSpec" time="0.004">
    <failure message="java.net.UnknownHostException: data.qa4.iqn.com" type="java.net.UnknownHostException">java.net.UnknownHostException: data.qa4.iqn.com
	at java.net.InetAddress.getAllByName0(InetAddress.java:1259)
	at java.net.InetAddress.getAllByName(InetAddress.java:1171)
	at java.net.InetAddress.getAllByName(InetAddress.java:1105)
	at org.apache.http.impl.conn.SystemDefaultDnsResolver.resolve(SystemDefaultDnsResolver.java:45)
	at org.apache.http.impl.conn.DefaultClientConnectionOperator.resolveHostname(DefaultClientConnectionOperator.java:278)
	at org.apache.http.impl.conn.DefaultClientConnectionOperator.openConnection(DefaultClientConnectionOperator.java:162)
	at org.apache.http.impl.conn.ManagedClientConnectionImpl.open(ManagedClientConnectionImpl.java:294)
	at org.apache.http.impl.client.DefaultRequestDirector.tryConnect(DefaultRequestDirector.java:640)
	at org.apache.http.impl.client.DefaultRequestDirector.execute(DefaultRequestDirector.java:479)
	at org.apache.http.impl.client.AbstractHttpClient.execute(AbstractHttpClient.java:906)
	at org.apache.http.impl.client.AbstractHttpClient.execute(AbstractHttpClient.java:1066)
	at org.apache.http.impl.client.AbstractHttpClient.execute(AbstractHttpClient.java:1044)
	at groovyx.net.http.HTTPBuilder.doRequest(HTTPBuilder.java:515)
	at groovyx.net.http.RESTClient.get(RESTClient.java:119)
	at iqn.falcon.QA4HealthCheckSpec.data-location health check(QA4HealthCheckSpec.groovy:65)
</failure>
  </testcase>
  <testcase name="data-business-org health check" classname="iqn.falcon.QA4HealthCheckSpec" time="0.004">
    <failure message="java.net.UnknownHostException: data.qa4.iqn.com" type="java.net.UnknownHostException">java.net.UnknownHostException: data.qa4.iqn.com
	at java.net.InetAddress.getAllByName0(InetAddress.java:1259)
	at java.net.InetAddress.getAllByName(InetAddress.java:1171)
	at java.net.InetAddress.getAllByName(InetAddress.java:1105)
	at org.apache.http.impl.conn.SystemDefaultDnsResolver.resolve(SystemDefaultDnsResolver.java:45)
	at org.apache.http.impl.conn.DefaultClientConnectionOperator.resolveHostname(DefaultClientConnectionOperator.java:278)
	at org.apache.http.impl.conn.DefaultClientConnectionOperator.openConnection(DefaultClientConnectionOperator.java:162)
	at org.apache.http.impl.conn.ManagedClientConnectionImpl.open(ManagedClientConnectionImpl.java:294)
	at org.apache.http.impl.client.DefaultRequestDirector.tryConnect(DefaultRequestDirector.java:640)
	at org.apache.http.impl.client.DefaultRequestDirector.execute(DefaultRequestDirector.java:479)
	at org.apache.http.impl.client.AbstractHttpClient.execute(AbstractHttpClient.java:906)
	at org.apache.http.impl.client.AbstractHttpClient.execute(AbstractHttpClient.java:1066)
	at org.apache.http.impl.client.AbstractHttpClient.execute(AbstractHttpClient.java:1044)
	at groovyx.net.http.HTTPBuilder.doRequest(HTTPBuilder.java:515)
	at groovyx.net.http.RESTClient.get(RESTClient.java:119)
	at iqn.falcon.QA4HealthCheckSpec.data-business-org health check(QA4HealthCheckSpec.groovy:82)
</failure>
  </testcase>
  <testcase name="business-dashboard health check" classname="iqn.falcon.QA4HealthCheckSpec" time="2.293"/>
  <testcase name="business-security health check" classname="iqn.falcon.QA4HealthCheckSpec" time="0.04"/>
  <testcase name="business-user-management health check" classname="iqn.falcon.QA4HealthCheckSpec" time="0.072"/>
  <testcase name="business-notification-engine health check" classname="iqn.falcon.QA4HealthCheckSpec" time="0.066"/>
  <testcase name="falcon health check" classname="iqn.falcon.QA4HealthCheckSpec" time="0.239"/>
  <testcase name="falcon-admin health check" classname="iqn.falcon.QA4HealthCheckSpec" time="0.074"/>
  <testcase name="cas health check 1" classname="iqn.falcon.QA4HealthCheckSpec" time="0.061"/>
  <testcase name="cas health check 2" classname="iqn.falcon.QA4HealthCheckSpec" time="0.058"/>
  <system-out><![CDATA[business-dashboard health check
The response code was: 200
business-security health check
The response code was: 200
business-user-management health check
The response code was: 200
business-notification-engine health check
The response code was: 200
falcon health check
The response code was: 200
falcon-admin health check
The response code was: 200
cas health check 1
The response code was: 200
cas health check 2
The response code was: 200
]]></system-out>
  <system-err><![CDATA[]]></system-err>
</testsuite>
